Arguments: 
  /usr/local/download/node-12.10.0/bin/node /usr/share/yarn/bin/yarn.js

PATH: 
  /usr/local/sbin:/usr/local/bin:/usr/sbin:/usr/bin:/sbin:/bin:/usr/games:/usr/local/games:/snap/bin:/usr/local/node/bin

Yarn version: 
  1.17.3

Node version: 
  12.10.0

Platform: 
  linux x64

Trace: 
  Error: https://registry.yarnpkg.com/leancloud-storage: ETIMEDOUT
      at Timeout._onTimeout (/usr/share/yarn/lib/cli.js:141124:19)
      at listOnTimeout (internal/timers.js:531:17)
      at processTimers (internal/timers.js:475:7)

npm manifest: 
  {
    "name": "vuepress-theme-reco",
    "version": "1.0.8-alpha.5",
    "description": "this is a vuepress theme",
    "main": "index.js",
    "scripts": {
      "test": "echo \"Error: no test specified\" && exit 1",
      "eslint-ext": "eslint --ext .js,.vue ./",
      "eslint-fix": "eslint --fix --ext .js,.vue ./"
    },
    "repository": {
      "type": "git",
      "url": "git+https://github.com/vuepress-reco/vuepress-theme-reco.git"
    },
    "keywords": [
      "vuepress",
      "vue",
      "theme"
    ],
    "author": "reco_luan",
    "license": "MIT",
    "bugs": {
      "url": "https://github.com/vuepress-reco/vuepress-theme-reco/issues"
    },
    "homepage": "https://vuepress-theme-reco.recoluan.com",
    "_from": "vuepress-theme-reco@0.2.1",
    "_resolved": "http://registry.npm.taobao.org/vuepress-theme-reco/download/vuepress-theme-reco-0.2.1.tgz",
    "dependencies": {
      "@vuepress/plugin-blog": "1.0.0-alpha.49",
      "leancloud-storage": "3.13.2",
      "screenfull": "4.2.1",
      "valine": "1.3.6",
      "vue-click-outside": "1.0.7"
    },
    "devDependencies": {
      "babel-eslint": "^10.0.3",
      "eslint": "^6.4.0",
      "eslint-plugin-vue": "^5.2.3"
    }
  }

yarn manifest: 
  No manifest

Lockfile: 
  No lockfile
